Time-->2019-05-20 20:18:17   *输入文件路径:src/txts/StellarSystem_Medium.txt
Time-->2019-05-20 20:18:17   *已成功读取文件src\txts\StellarSystem_Medium.txt
Time-->2019-05-20 20:18:33   *添加了新轨道，半径为123456.0
Time-->2019-05-20 22:23:53   *输入文件路径:src/txts/StellarSystemRight.txt
Time-->2019-05-20 22:23:53   *已成功读取文件src\txts\StellarSystemRight.txt
Time-->2019-05-20 22:24:13   *计算了25.0秒后各行星的位置
Time-->2019-06-02 16:21:22   *输入文件路径:src/txts/StellarSystem.txt
Time-->2019-06-02 16:21:22   运动方向必须为CW/CCW不能为W
Time-->2019-06-02 16:21:22   不能有相同的行星Earth
Time-->2019-06-02 16:21:22   文件有问题，需要重新读取文件
Time-->2019-06-02 16:22:35   *输入文件路径:src/txts/StellarSystem_Larger.txt
Time-->2019-06-02 16:22:36   *已成功读取文件src\txts\StellarSystem_Larger.txt
Time-->2019-06-02 16:22:48   *打开了23.0秒后的可视化界面
Time-->2019-06-02 16:36:20   *输入文件路径:src/txts/StellarSystem5.txt
Time-->2019-06-02 16:42:41   *输入文件路径:src/txts/StellarSystem5.txt
Time-->2019-06-02 16:56:59   *输入文件路径:src/txts/StellarSystem5.txt
Time-->2019-06-02 17:05:49   *输入文件路径:src/txts/StellarSystem_Larger.txt
Time-->2019-06-02 17:05:50   *已成功读取文件src\txts\StellarSystem_Larger.txt
Time-->2019-06-02 17:08:35   *输入文件路径:src/txts/StellarSystem_Larger.txt
Time-->2019-06-02 17:08:36   *已成功读取文件src\txts\StellarSystem_Larger.txt
Time-->2019-06-02 20:38:50   *输入文件路径:src/txts/StellarSystem5.txt
Time-->2019-06-02 20:45:47   *输入文件路径:src/txts/StellarSystem.txt
Time-->2019-06-02 20:45:47   运动方向必须为CW/CCW不能为W
Time-->2019-06-02 20:45:47   不能有相同的行星Earth
Time-->2019-06-02 20:45:47   文件有问题，需要重新读取文件
Time-->2019-06-02 20:46:01   *输入文件路径:src/txts/StellarSystem5.txt
Time-->2019-06-02 21:00:13   *已成功读取文件src\txts\StellarSystem5.txt
Time-->2019-06-02 23:49:14   *输入文件路径:src/txts/StellarSystem5.txt
Time-->2019-06-02 23:50:00   *输入文件路径:src/txts/StellarSystem5.txt
Time-->2019-06-03 15:08:28   *输入文件路径:src/txts/StellarSystemRight.txt
Time-->2019-06-03 15:08:28   *已成功读取文件src\txts\StellarSystemRight.txt
Time-->2019-06-03 15:09:31   *输入文件路径:src/txts/StellarSystemRight.txt
Time-->2019-06-03 15:09:31   *已成功读取文件src\txts\StellarSystemRight.txt
Time-->2019-06-03 15:10:35   *输入文件路径:src/txts/StellarSystemRight.txt
Time-->2019-06-03 15:10:35   *已成功读取文件src\txts\StellarSystemRight.txt
Time-->2019-06-03 18:27:48   *输入文件路径:src/txts/StellarSystemRight.txt
Time-->2019-06-03 18:27:48   *已成功读取文件src\txts\StellarSystemRight.txt
Time-->2019-06-03 18:28:23   *删除了物体yRXX
Time-->2019-06-03 20:35:20   *输入文件路径:src/txts/StellarSystem5.txt
Time-->2019-06-03 20:36:00   *输入文件路径:src/txts/StellarSystem5.txt
Time-->2019-06-03 20:52:38   *输入文件路径:src/txts/StellarSystem5.txt
